2020-08-13 10:37:01,022 [9] INFO VeraDemoNet.Controllers.AccountController - Login page visited: 
2020-08-13 10:37:01,032 [9] INFO VeraDemoNet.Controllers.AccountController - No user cookie
2020-08-13 10:39:28,874 [8] INFO VeraDemoNet.Controllers.AccountController - Login page visited: 
2020-08-13 10:39:28,882 [8] INFO VeraDemoNet.Controllers.AccountController - No user cookie
2020-08-13 11:06:06,650 [8] INFO VeraDemoNet.Controllers.AccountController - Login page visited: 
2020-08-13 11:06:06,663 [8] INFO VeraDemoNet.Controllers.AccountController - No user cookie
2020-08-13 14:39:22,384 [5] INFO VeraDemoNet.Controllers.AccountController - Login page visited: 
2020-08-13 14:39:22,393 [5] INFO VeraDemoNet.Controllers.AccountController - No user cookie
2020-08-14 08:55:50,562 [5] INFO VeraDemoNet.Controllers.AccountController - Login page visited: 
2020-08-14 08:55:50,573 [5] INFO VeraDemoNet.Controllers.AccountController - No user cookie
2020-08-21 15:21:31,653 [8] INFO VeraDemoNet.Controllers.AccountController - Login page visited: 
2020-08-21 15:21:31,666 [8] INFO VeraDemoNet.Controllers.AccountController - No user cookie
2020-08-21 15:26:01,813 [8] INFO VeraDemoNet.Controllers.ResetController - Entering showReset
2020-08-21 15:26:12,030 [8] INFO VeraDemoNet.Controllers.ResetController - Entering processReset
2020-08-21 15:26:12,030 [8] INFO VeraDemoNet.Controllers.ResetController - Getting Database connection
2020-08-21 15:26:14,922 [8] INFO VeraDemoNet.Controllers.ResetController - Preparing the Statement for adding users
2020-08-21 15:26:14,922 [8] INFO VeraDemoNet.Controllers.ResetController - Adding user admin
2020-08-21 15:26:15,280 [8] INFO VeraDemoNet.Controllers.ResetController - Adding user john
2020-08-21 15:26:15,281 [8] INFO VeraDemoNet.Controllers.ResetController - Adding user paul
2020-08-21 15:26:15,281 [8] INFO VeraDemoNet.Controllers.ResetController - Adding user chrisc
2020-08-21 15:26:15,281 [8] INFO VeraDemoNet.Controllers.ResetController - Adding user laurie
2020-08-21 15:26:15,282 [8] INFO VeraDemoNet.Controllers.ResetController - Adding user nabil
2020-08-21 15:26:15,282 [8] INFO VeraDemoNet.Controllers.ResetController - Adding user julian
2020-08-21 15:26:15,282 [8] INFO VeraDemoNet.Controllers.ResetController - Adding user joash
2020-08-21 15:26:15,282 [8] INFO VeraDemoNet.Controllers.ResetController - Adding user andrzej
2020-08-21 15:26:15,283 [8] INFO VeraDemoNet.Controllers.ResetController - Adding user april
2020-08-21 15:26:15,283 [8] INFO VeraDemoNet.Controllers.ResetController - Adding user armando
2020-08-21 15:26:15,283 [8] INFO VeraDemoNet.Controllers.ResetController - Adding user ben
2020-08-21 15:26:15,284 [8] INFO VeraDemoNet.Controllers.ResetController - Adding user brian
2020-08-21 15:26:15,284 [8] INFO VeraDemoNet.Controllers.ResetController - Adding user caitlin
2020-08-21 15:26:15,284 [8] INFO VeraDemoNet.Controllers.ResetController - Adding user christraut
2020-08-21 15:26:15,285 [8] INFO VeraDemoNet.Controllers.ResetController - Adding user christyson
2020-08-21 15:26:15,285 [8] INFO VeraDemoNet.Controllers.ResetController - Adding user clint
2020-08-21 15:26:15,285 [8] INFO VeraDemoNet.Controllers.ResetController - Adding user cody
2020-08-21 15:26:15,286 [8] INFO VeraDemoNet.Controllers.ResetController - Adding user derek
2020-08-21 15:26:15,286 [8] INFO VeraDemoNet.Controllers.ResetController - Adding user glenn
2020-08-21 15:26:15,286 [8] INFO VeraDemoNet.Controllers.ResetController - Adding user grant
2020-08-21 15:26:15,287 [8] INFO VeraDemoNet.Controllers.ResetController - Adding user gregory
2020-08-21 15:26:15,287 [8] INFO VeraDemoNet.Controllers.ResetController - Adding user jacob
2020-08-21 15:26:15,288 [8] INFO VeraDemoNet.Controllers.ResetController - Adding user jeremy
2020-08-21 15:26:15,289 [8] INFO VeraDemoNet.Controllers.ResetController - Adding user johnny
2020-08-21 15:26:15,290 [8] INFO VeraDemoNet.Controllers.ResetController - Adding user kevin
2020-08-21 15:26:15,290 [8] INFO VeraDemoNet.Controllers.ResetController - Adding user scottrum
2020-08-21 15:26:15,294 [8] INFO VeraDemoNet.Controllers.ResetController - Adding user scottsim
2020-08-21 15:26:15,359 [8] INFO VeraDemoNet.Controllers.ResetController - Preparing the Statement for adding listeners
2020-08-21 15:26:15,360 [8] INFO VeraDemoNet.Controllers.ResetController - Reading blabs from file
2020-08-21 15:26:15,360 [8] INFO VeraDemoNet.Controllers.ResetController - Preparing the Statement for adding blabs
2020-08-21 15:26:15,360 [8] INFO VeraDemoNet.Controllers.ResetController - Adding a blab for jacob
2020-08-21 15:26:15,363 [8] INFO VeraDemoNet.Controllers.ResetController - Adding a blab for joash
2020-08-21 15:26:15,365 [8] INFO VeraDemoNet.Controllers.ResetController - Adding a blab for chrisc
2020-08-21 15:26:15,367 [8] INFO VeraDemoNet.Controllers.ResetController - Adding a blab for clint
2020-08-21 15:26:15,370 [8] INFO VeraDemoNet.Controllers.ResetController - Adding a blab for grant
2020-08-21 15:26:15,372 [8] INFO VeraDemoNet.Controllers.ResetController - Adding a blab for scottrum
2020-08-21 15:26:15,375 [8] INFO VeraDemoNet.Controllers.ResetController - Adding a blab for jacob
2020-08-21 15:26:15,377 [8] INFO VeraDemoNet.Controllers.ResetController - Adding a blab for april
2020-08-21 15:26:15,379 [8] INFO VeraDemoNet.Controllers.ResetController - Adding a blab for brian
2020-08-21 15:26:15,381 [8] INFO VeraDemoNet.Controllers.ResetController - Adding a blab for cody
2020-08-21 15:26:15,383 [8] INFO VeraDemoNet.Controllers.ResetController - Adding a blab for armando
2020-08-21 15:26:15,385 [8] INFO VeraDemoNet.Controllers.ResetController - Adding a blab for chrisc
2020-08-21 15:26:15,394 [8] INFO VeraDemoNet.Controllers.ResetController - Adding a blab for clint
2020-08-21 15:26:15,403 [8] INFO VeraDemoNet.Controllers.ResetController - Adding a blab for johnny
2020-08-21 15:26:15,406 [8] INFO VeraDemoNet.Controllers.ResetController - Adding a blab for clint
2020-08-21 15:26:15,408 [8] INFO VeraDemoNet.Controllers.ResetController - Adding a blab for april
2020-08-21 15:26:15,410 [8] INFO VeraDemoNet.Controllers.ResetController - Adding a blab for andrzej
2020-08-21 15:26:15,413 [8] INFO VeraDemoNet.Controllers.ResetController - Adding a blab for caitlin
2020-08-21 15:26:15,415 [8] INFO VeraDemoNet.Controllers.ResetController - Adding a blab for chrisc
2020-08-21 15:26:15,417 [8] INFO VeraDemoNet.Controllers.ResetController - Adding a blab for laurie
2020-08-21 15:26:15,419 [8] INFO VeraDemoNet.Controllers.ResetController - Adding a blab for andrzej
2020-08-21 15:26:15,422 [8] INFO VeraDemoNet.Controllers.ResetController - Adding a blab for chrisc
2020-08-21 15:26:15,424 [8] INFO VeraDemoNet.Controllers.ResetController - Adding a blab for ben
2020-08-21 15:26:15,428 [8] INFO VeraDemoNet.Controllers.ResetController - Adding a blab for jacob
2020-08-21 15:26:15,435 [8] INFO VeraDemoNet.Controllers.ResetController - Adding a blab for glenn
2020-08-21 15:26:15,437 [8] INFO VeraDemoNet.Controllers.ResetController - Adding a blab for christyson
2020-08-21 15:26:15,440 [8] INFO VeraDemoNet.Controllers.ResetController - Adding a blab for clint
2020-08-21 15:26:15,442 [8] INFO VeraDemoNet.Controllers.ResetController - Adding a blab for chrisc
2020-08-21 15:26:15,452 [8] INFO VeraDemoNet.Controllers.ResetController - Adding a blab for ben
2020-08-21 15:26:15,456 [8] INFO VeraDemoNet.Controllers.ResetController - Adding a blab for armando
2020-08-21 15:26:15,460 [8] INFO VeraDemoNet.Controllers.ResetController - Adding a blab for brian
2020-08-21 15:26:15,463 [8] INFO VeraDemoNet.Controllers.ResetController - Adding a blab for joash
2020-08-21 15:26:15,465 [8] INFO VeraDemoNet.Controllers.ResetController - Adding a blab for caitlin
2020-08-21 15:26:15,467 [8] INFO VeraDemoNet.Controllers.ResetController - Adding a blab for caitlin
2020-08-21 15:26:15,469 [8] INFO VeraDemoNet.Controllers.ResetController - Adding a blab for clint
2020-08-21 15:26:15,471 [8] INFO VeraDemoNet.Controllers.ResetController - Adding a blab for nabil
2020-08-21 15:26:15,473 [8] INFO VeraDemoNet.Controllers.ResetController - Adding a blab for armando
2020-08-21 15:26:15,476 [8] INFO VeraDemoNet.Controllers.ResetController - Adding a blab for christyson
2020-08-21 15:26:15,478 [8] INFO VeraDemoNet.Controllers.ResetController - Adding a blab for april
2020-08-21 15:26:15,479 [8] INFO VeraDemoNet.Controllers.ResetController - Adding a blab for andrzej
2020-08-21 15:26:15,481 [8] INFO VeraDemoNet.Controllers.ResetController - Adding a blab for ben
2020-08-21 15:26:15,483 [8] INFO VeraDemoNet.Controllers.ResetController - Adding a blab for scottrum
2020-08-21 15:26:15,485 [8] INFO VeraDemoNet.Controllers.ResetController - Adding a blab for grant
2020-08-21 15:26:15,487 [8] INFO VeraDemoNet.Controllers.ResetController - Adding a blab for kevin
2020-08-21 15:26:15,489 [8] INFO VeraDemoNet.Controllers.ResetController - Adding a blab for christyson
2020-08-21 15:26:15,491 [8] INFO VeraDemoNet.Controllers.ResetController - Adding a blab for caitlin
2020-08-21 15:26:15,493 [8] INFO VeraDemoNet.Controllers.ResetController - Adding a blab for caitlin
2020-08-21 15:26:15,495 [8] INFO VeraDemoNet.Controllers.ResetController - Adding a blab for jacob
2020-08-21 15:26:15,497 [8] INFO VeraDemoNet.Controllers.ResetController - Adding a blab for andrzej
2020-08-21 15:26:15,498 [8] INFO VeraDemoNet.Controllers.ResetController - Adding a blab for armando
2020-08-21 15:26:15,500 [8] INFO VeraDemoNet.Controllers.ResetController - Adding a blab for julian
2020-08-21 15:26:15,503 [8] INFO VeraDemoNet.Controllers.ResetController - Adding a blab for caitlin
2020-08-21 15:26:15,504 [8] INFO VeraDemoNet.Controllers.ResetController - Adding a blab for christraut
2020-08-21 15:26:15,506 [8] INFO VeraDemoNet.Controllers.ResetController - Adding a blab for ben
2020-08-21 15:26:15,508 [8] INFO VeraDemoNet.Controllers.ResetController - Adding a blab for christyson
2020-08-21 15:26:15,510 [8] INFO VeraDemoNet.Controllers.ResetController - Adding a blab for paul
2020-08-21 15:26:15,512 [8] INFO VeraDemoNet.Controllers.ResetController - Adding a blab for andrzej
2020-08-21 15:26:15,513 [8] INFO VeraDemoNet.Controllers.ResetController - Adding a blab for brian
2020-08-21 15:26:15,516 [8] INFO VeraDemoNet.Controllers.ResetController - Adding a blab for jeremy
2020-08-21 15:26:15,518 [8] INFO VeraDemoNet.Controllers.ResetController - Adding a blab for glenn
2020-08-21 15:26:15,519 [8] INFO VeraDemoNet.Controllers.ResetController - Adding a blab for caitlin
2020-08-21 15:26:15,521 [8] INFO VeraDemoNet.Controllers.ResetController - Adding a blab for cody
2020-08-21 15:26:15,523 [8] INFO VeraDemoNet.Controllers.ResetController - Adding a blab for scottrum
2020-08-21 15:26:15,525 [8] INFO VeraDemoNet.Controllers.ResetController - Adding a blab for laurie
2020-08-21 15:26:15,527 [8] INFO VeraDemoNet.Controllers.ResetController - Adding a blab for christraut
2020-08-21 15:26:15,528 [8] INFO VeraDemoNet.Controllers.ResetController - Adding a blab for christyson
2020-08-21 15:26:15,530 [8] INFO VeraDemoNet.Controllers.ResetController - Adding a blab for jeremy
2020-08-21 15:26:15,532 [8] INFO VeraDemoNet.Controllers.ResetController - Adding a blab for derek
2020-08-21 15:26:15,534 [8] INFO VeraDemoNet.Controllers.ResetController - Adding a blab for andrzej
2020-08-21 15:26:15,536 [8] INFO VeraDemoNet.Controllers.ResetController - Adding a blab for ben
2020-08-21 15:26:15,538 [8] INFO VeraDemoNet.Controllers.ResetController - Adding a blab for julian
2020-08-21 15:26:15,541 [8] INFO VeraDemoNet.Controllers.ResetController - Reading comments from file
2020-08-21 15:26:15,542 [8] INFO VeraDemoNet.Controllers.ResetController - Preparing the Statement for adding comments
2020-08-21 15:26:15,542 [8] INFO VeraDemoNet.Controllers.ResetController - Adding a comment from armando on blab ID 1
2020-08-21 15:26:15,545 [8] INFO VeraDemoNet.Controllers.ResetController - Adding a comment from christraut on blab ID 1
2020-08-21 15:26:15,547 [8] INFO VeraDemoNet.Controllers.ResetController - Adding a comment from derek on blab ID 1
2020-08-21 15:26:15,549 [8] INFO VeraDemoNet.Controllers.ResetController - Adding a comment from grant on blab ID 2
2020-08-21 15:26:15,551 [8] INFO VeraDemoNet.Controllers.ResetController - Adding a comment from julian on blab ID 2
2020-08-21 15:26:15,553 [8] INFO VeraDemoNet.Controllers.ResetController - Adding a comment from ben on blab ID 2
2020-08-21 15:26:15,556 [8] INFO VeraDemoNet.Controllers.ResetController - Adding a comment from julian on blab ID 2
2020-08-21 15:26:15,557 [8] INFO VeraDemoNet.Controllers.ResetController - Adding a comment from christraut on blab ID 4
2020-08-21 15:26:15,559 [8] INFO VeraDemoNet.Controllers.ResetController - Adding a comment from joash on blab ID 4
2020-08-21 15:26:15,562 [8] INFO VeraDemoNet.Controllers.ResetController - Adding a comment from jacob on blab ID 4
2020-08-21 15:26:15,564 [8] INFO VeraDemoNet.Controllers.ResetController - Adding a comment from gregory on blab ID 4
2020-08-21 15:26:15,566 [8] INFO VeraDemoNet.Controllers.ResetController - Adding a comment from andrzej on blab ID 4
2020-08-21 15:26:15,568 [8] INFO VeraDemoNet.Controllers.ResetController - Adding a comment from caitlin on blab ID 5
2020-08-21 15:26:15,569 [8] INFO VeraDemoNet.Controllers.ResetController - Adding a comment from john on blab ID 5
2020-08-21 15:26:15,572 [8] INFO VeraDemoNet.Controllers.ResetController - Adding a comment from paul on blab ID 5
2020-08-21 15:26:15,574 [8] INFO VeraDemoNet.Controllers.ResetController - Adding a comment from andrzej on blab ID 5
2020-08-21 15:26:15,591 [8] INFO VeraDemoNet.Controllers.ResetController - Adding a comment from joash on blab ID 5
2020-08-21 15:26:15,594 [8] INFO VeraDemoNet.Controllers.ResetController - Adding a comment from kevin on blab ID 6
2020-08-21 15:26:15,596 [8] INFO VeraDemoNet.Controllers.ResetController - Adding a comment from chrisc on blab ID 6
2020-08-21 15:26:15,598 [8] INFO VeraDemoNet.Controllers.ResetController - Adding a comment from scottrum on blab ID 6
2020-08-21 15:26:15,600 [8] INFO VeraDemoNet.Controllers.ResetController - Adding a comment from andrzej on blab ID 6
2020-08-21 15:26:15,602 [8] INFO VeraDemoNet.Controllers.ResetController - Adding a comment from paul on blab ID 7
2020-08-21 15:26:15,605 [8] INFO VeraDemoNet.Controllers.ResetController - Adding a comment from ben on blab ID 8
2020-08-21 15:26:15,612 [8] INFO VeraDemoNet.Controllers.ResetController - Adding a comment from john on blab ID 9
2020-08-21 15:26:15,614 [8] INFO VeraDemoNet.Controllers.ResetController - Adding a comment from cody on blab ID 9
2020-08-21 15:26:15,617 [8] INFO VeraDemoNet.Controllers.ResetController - Adding a comment from clint on blab ID 9
2020-08-21 15:26:15,618 [8] INFO VeraDemoNet.Controllers.ResetController - Adding a comment from joash on blab ID 9
2020-08-21 15:26:15,620 [8] INFO VeraDemoNet.Controllers.ResetController - Adding a comment from john on blab ID 10
2020-08-21 15:26:15,622 [8] INFO VeraDemoNet.Controllers.ResetController - Adding a comment from chrisc on blab ID 11
2020-08-21 15:26:15,631 [8] INFO VeraDemoNet.Controllers.ResetController - Adding a comment from cody on blab ID 11
2020-08-21 15:26:15,633 [8] INFO VeraDemoNet.Controllers.ResetController - Adding a comment from brian on blab ID 12
2020-08-21 15:26:15,635 [8] INFO VeraDemoNet.Controllers.ResetController - Adding a comment from christraut on blab ID 12
2020-08-21 15:26:15,636 [8] INFO VeraDemoNet.Controllers.ResetController - Adding a comment from jacob on blab ID 13
2020-08-21 15:26:15,648 [8] INFO VeraDemoNet.Controllers.ResetController - Adding a comment from kevin on blab ID 13
2020-08-21 15:26:15,653 [8] INFO VeraDemoNet.Controllers.ResetController - Adding a comment from brian on blab ID 13
2020-08-21 15:26:15,654 [8] INFO VeraDemoNet.Controllers.ResetController - Adding a comment from armando on blab ID 13
2020-08-21 15:26:15,668 [8] INFO VeraDemoNet.Controllers.ResetController - Adding a comment from john on blab ID 15
2020-08-21 15:26:15,670 [8] INFO VeraDemoNet.Controllers.ResetController - Adding a comment from laurie on blab ID 16
2020-08-21 15:26:15,677 [8] INFO VeraDemoNet.Controllers.ResetController - Adding a comment from cody on blab ID 16
2020-08-21 15:26:15,697 [8] INFO VeraDemoNet.Controllers.ResetController - Adding a comment from brian on blab ID 17
2020-08-21 15:26:15,700 [8] INFO VeraDemoNet.Controllers.ResetController - Adding a comment from jacob on blab ID 17
2020-08-21 15:26:15,701 [8] INFO VeraDemoNet.Controllers.ResetController - Adding a comment from clint on blab ID 17
2020-08-21 15:26:15,703 [8] INFO VeraDemoNet.Controllers.ResetController - Adding a comment from scottrum on blab ID 17
2020-08-21 15:26:15,704 [8] INFO VeraDemoNet.Controllers.ResetController - Adding a comment from chrisc on blab ID 17
2020-08-21 15:26:15,706 [8] INFO VeraDemoNet.Controllers.ResetController - Adding a comment from johnny on blab ID 18
2020-08-21 15:26:15,708 [8] INFO VeraDemoNet.Controllers.ResetController - Adding a comment from clint on blab ID 18
2020-08-21 15:26:15,710 [8] INFO VeraDemoNet.Controllers.ResetController - Adding a comment from laurie on blab ID 18
2020-08-21 15:26:15,711 [8] INFO VeraDemoNet.Controllers.ResetController - Adding a comment from april on blab ID 18
2020-08-21 15:26:15,722 [8] INFO VeraDemoNet.Controllers.ResetController - Adding a comment from ben on blab ID 18
2020-08-21 15:26:15,728 [8] INFO VeraDemoNet.Controllers.ResetController - Adding a comment from johnny on blab ID 19
2020-08-21 15:26:15,729 [8] INFO VeraDemoNet.Controllers.ResetController - Adding a comment from joash on blab ID 19
2020-08-21 15:26:15,730 [8] INFO VeraDemoNet.Controllers.ResetController - Adding a comment from john on blab ID 19
2020-08-21 15:26:15,732 [8] INFO VeraDemoNet.Controllers.ResetController - Adding a comment from clint on blab ID 19
2020-08-21 15:26:15,733 [8] INFO VeraDemoNet.Controllers.ResetController - Adding a comment from brian on blab ID 19
2020-08-21 15:26:15,737 [8] INFO VeraDemoNet.Controllers.ResetController - Adding a comment from johnny on blab ID 20
2020-08-21 15:26:15,743 [8] INFO VeraDemoNet.Controllers.ResetController - Adding a comment from laurie on blab ID 20
2020-08-21 15:26:15,745 [8] INFO VeraDemoNet.Controllers.ResetController - Adding a comment from caitlin on blab ID 20
2020-08-21 15:26:15,746 [8] INFO VeraDemoNet.Controllers.ResetController - Adding a comment from scottrum on blab ID 21
2020-08-21 15:26:15,747 [8] INFO VeraDemoNet.Controllers.ResetController - Adding a comment from scottrum on blab ID 21
2020-08-21 15:26:15,749 [8] INFO VeraDemoNet.Controllers.ResetController - Adding a comment from gregory on blab ID 21
2020-08-21 15:26:15,751 [8] INFO VeraDemoNet.Controllers.ResetController - Adding a comment from chrisc on blab ID 21
2020-08-21 15:26:15,752 [8] INFO VeraDemoNet.Controllers.ResetController - Adding a comment from christraut on blab ID 22
2020-08-21 15:26:15,759 [8] INFO VeraDemoNet.Controllers.ResetController - Adding a comment from nabil on blab ID 22
2020-08-21 15:26:15,761 [8] INFO VeraDemoNet.Controllers.ResetController - Adding a comment from jeremy on blab ID 22
2020-08-21 15:26:15,763 [8] INFO VeraDemoNet.Controllers.ResetController - Adding a comment from christyson on blab ID 23
2020-08-21 15:26:15,764 [8] INFO VeraDemoNet.Controllers.ResetController - Adding a comment from paul on blab ID 23
2020-08-21 15:26:15,775 [8] INFO VeraDemoNet.Controllers.ResetController - Adding a comment from christraut on blab ID 24
2020-08-21 15:26:15,789 [8] INFO VeraDemoNet.Controllers.ResetController - Adding a comment from caitlin on blab ID 24
2020-08-21 15:26:15,807 [8] INFO VeraDemoNet.Controllers.ResetController - Adding a comment from caitlin on blab ID 25
2020-08-21 15:26:15,809 [8] INFO VeraDemoNet.Controllers.ResetController - Adding a comment from grant on blab ID 26
2020-08-21 15:26:15,810 [8] INFO VeraDemoNet.Controllers.ResetController - Adding a comment from clint on blab ID 26
2020-08-21 15:26:15,811 [8] INFO VeraDemoNet.Controllers.ResetController - Adding a comment from cody on blab ID 27
2020-08-21 15:26:15,812 [8] INFO VeraDemoNet.Controllers.ResetController - Adding a comment from cody on blab ID 27
2020-08-21 15:26:15,814 [8] INFO VeraDemoNet.Controllers.ResetController - Adding a comment from jacob on blab ID 27
2020-08-21 15:26:15,815 [8] INFO VeraDemoNet.Controllers.ResetController - Adding a comment from ben on blab ID 27
2020-08-21 15:26:15,817 [8] INFO VeraDemoNet.Controllers.ResetController - Adding a comment from jeremy on blab ID 27
2020-08-21 15:26:15,818 [8] INFO VeraDemoNet.Controllers.ResetController - Adding a comment from april on blab ID 29
2020-08-21 15:26:15,819 [8] INFO VeraDemoNet.Controllers.ResetController - Adding a comment from nabil on blab ID 29
2020-08-21 15:26:15,822 [8] INFO VeraDemoNet.Controllers.ResetController - Adding a comment from derek on blab ID 29
2020-08-21 15:26:15,824 [8] INFO VeraDemoNet.Controllers.ResetController - Adding a comment from julian on blab ID 30
2020-08-21 15:26:15,826 [8] INFO VeraDemoNet.Controllers.ResetController - Adding a comment from scottrum on blab ID 30
2020-08-21 15:26:15,828 [8] INFO VeraDemoNet.Controllers.ResetController - Adding a comment from brian on blab ID 31
2020-08-21 15:26:15,829 [8] INFO VeraDemoNet.Controllers.ResetController - Adding a comment from derek on blab ID 32
2020-08-21 15:26:15,830 [8] INFO VeraDemoNet.Controllers.ResetController - Adding a comment from clint on blab ID 32
2020-08-21 15:26:15,833 [8] INFO VeraDemoNet.Controllers.ResetController - Adding a comment from julian on blab ID 32
2020-08-21 15:26:15,838 [8] INFO VeraDemoNet.Controllers.ResetController - Adding a comment from grant on blab ID 32
2020-08-21 15:26:15,840 [8] INFO VeraDemoNet.Controllers.ResetController - Adding a comment from andrzej on blab ID 32
2020-08-21 15:26:15,843 [8] INFO VeraDemoNet.Controllers.ResetController - Adding a comment from kevin on blab ID 34
2020-08-21 15:26:15,845 [8] INFO VeraDemoNet.Controllers.ResetController - Adding a comment from glenn on blab ID 34
2020-08-21 15:26:15,848 [8] INFO VeraDemoNet.Controllers.ResetController - Adding a comment from cody on blab ID 34
2020-08-21 15:26:15,855 [8] INFO VeraDemoNet.Controllers.ResetController - Adding a comment from brian on blab ID 34
2020-08-21 15:26:15,857 [8] INFO VeraDemoNet.Controllers.ResetController - Adding a comment from april on blab ID 35
2020-08-21 15:26:15,860 [8] INFO VeraDemoNet.Controllers.ResetController - Adding a comment from derek on blab ID 35
2020-08-21 15:26:15,861 [8] INFO VeraDemoNet.Controllers.ResetController - Adding a comment from christraut on blab ID 35
2020-08-21 15:26:15,864 [8] INFO VeraDemoNet.Controllers.ResetController - Adding a comment from julian on blab ID 35
2020-08-21 15:26:15,866 [8] INFO VeraDemoNet.Controllers.ResetController - Adding a comment from cody on blab ID 36
2020-08-21 15:26:15,868 [8] INFO VeraDemoNet.Controllers.ResetController - Adding a comment from joash on blab ID 36
2020-08-21 15:26:15,869 [8] INFO VeraDemoNet.Controllers.ResetController - Adding a comment from kevin on blab ID 36
2020-08-21 15:26:15,870 [8] INFO VeraDemoNet.Controllers.ResetController - Adding a comment from gregory on blab ID 36
2020-08-21 15:26:15,873 [8] INFO VeraDemoNet.Controllers.ResetController - Adding a comment from brian on blab ID 36
2020-08-21 15:26:15,875 [8] INFO VeraDemoNet.Controllers.ResetController - Adding a comment from grant on blab ID 37
2020-08-21 15:26:15,876 [8] INFO VeraDemoNet.Controllers.ResetController - Adding a comment from christraut on blab ID 37
2020-08-21 15:26:15,877 [8] INFO VeraDemoNet.Controllers.ResetController - Adding a comment from scottrum on blab ID 37
2020-08-21 15:26:15,879 [8] INFO VeraDemoNet.Controllers.ResetController - Adding a comment from clint on blab ID 37
2020-08-21 15:26:15,880 [8] INFO VeraDemoNet.Controllers.ResetController - Adding a comment from nabil on blab ID 37
2020-08-21 15:26:15,881 [8] INFO VeraDemoNet.Controllers.ResetController - Adding a comment from april on blab ID 39
2020-08-21 15:26:15,883 [8] INFO VeraDemoNet.Controllers.ResetController - Adding a comment from gregory on blab ID 39
2020-08-21 15:26:15,884 [8] INFO VeraDemoNet.Controllers.ResetController - Adding a comment from julian on blab ID 40
2020-08-21 15:26:15,886 [8] INFO VeraDemoNet.Controllers.ResetController - Adding a comment from gregory on blab ID 40
2020-08-21 15:26:15,887 [8] INFO VeraDemoNet.Controllers.ResetController - Adding a comment from julian on blab ID 40
2020-08-21 15:26:15,888 [8] INFO VeraDemoNet.Controllers.ResetController - Adding a comment from johnny on blab ID 41
2020-08-21 15:26:15,890 [8] INFO VeraDemoNet.Controllers.ResetController - Adding a comment from glenn on blab ID 41
2020-08-21 15:26:15,891 [8] INFO VeraDemoNet.Controllers.ResetController - Adding a comment from cody on blab ID 41
2020-08-21 15:26:15,893 [8] INFO VeraDemoNet.Controllers.ResetController - Adding a comment from andrzej on blab ID 43
2020-08-21 15:26:15,906 [8] INFO VeraDemoNet.Controllers.ResetController - Adding a comment from andrzej on blab ID 44
2020-08-21 15:26:15,908 [8] INFO VeraDemoNet.Controllers.ResetController - Adding a comment from paul on blab ID 45
2020-08-21 15:26:15,910 [8] INFO VeraDemoNet.Controllers.ResetController - Adding a comment from chrisc on blab ID 46
2020-08-21 15:26:15,911 [8] INFO VeraDemoNet.Controllers.ResetController - Adding a comment from clint on blab ID 46
2020-08-21 15:26:15,913 [8] INFO VeraDemoNet.Controllers.ResetController - Adding a comment from nabil on blab ID 46
2020-08-21 15:26:15,915 [8] INFO VeraDemoNet.Controllers.ResetController - Adding a comment from nabil on blab ID 46
2020-08-21 15:26:15,916 [8] INFO VeraDemoNet.Controllers.ResetController - Adding a comment from armando on blab ID 47
2020-08-21 15:26:15,918 [8] INFO VeraDemoNet.Controllers.ResetController - Adding a comment from brian on blab ID 47
2020-08-21 15:26:15,919 [8] INFO VeraDemoNet.Controllers.ResetController - Adding a comment from brian on blab ID 47
2020-08-21 15:26:15,920 [8] INFO VeraDemoNet.Controllers.ResetController - Adding a comment from kevin on blab ID 47
2020-08-21 15:26:15,926 [8] INFO VeraDemoNet.Controllers.ResetController - Adding a comment from cody on blab ID 47
2020-08-21 15:26:15,928 [8] INFO VeraDemoNet.Controllers.ResetController - Adding a comment from christraut on blab ID 50
2020-08-21 15:26:15,929 [8] INFO VeraDemoNet.Controllers.ResetController - Adding a comment from derek on blab ID 50
2020-08-21 15:26:15,931 [8] INFO VeraDemoNet.Controllers.ResetController - Adding a comment from brian on blab ID 51
2020-08-21 15:26:15,932 [8] INFO VeraDemoNet.Controllers.ResetController - Adding a comment from glenn on blab ID 51
2020-08-21 15:26:15,933 [8] INFO VeraDemoNet.Controllers.ResetController - Adding a comment from gregory on blab ID 51
2020-08-21 15:26:15,934 [8] INFO VeraDemoNet.Controllers.ResetController - Adding a comment from scottrum on blab ID 52
2020-08-21 15:26:15,936 [8] INFO VeraDemoNet.Controllers.ResetController - Adding a comment from glenn on blab ID 52
2020-08-21 15:26:15,938 [8] INFO VeraDemoNet.Controllers.ResetController - Adding a comment from laurie on blab ID 52
2020-08-21 15:26:15,946 [8] INFO VeraDemoNet.Controllers.ResetController - Adding a comment from scottrum on blab ID 52
2020-08-21 15:26:15,949 [8] INFO VeraDemoNet.Controllers.ResetController - Adding a comment from christyson on blab ID 52
2020-08-21 15:26:15,956 [8] INFO VeraDemoNet.Controllers.ResetController - Adding a comment from grant on blab ID 53
2020-08-21 15:26:15,962 [8] INFO VeraDemoNet.Controllers.ResetController - Adding a comment from derek on blab ID 54
2020-08-21 15:26:15,963 [8] INFO VeraDemoNet.Controllers.ResetController - Adding a comment from jeremy on blab ID 54
2020-08-21 15:26:15,969 [8] INFO VeraDemoNet.Controllers.ResetController - Adding a comment from john on blab ID 54
2020-08-21 15:26:15,972 [8] INFO VeraDemoNet.Controllers.ResetController - Adding a comment from jacob on blab ID 54
2020-08-21 15:26:15,974 [8] INFO VeraDemoNet.Controllers.ResetController - Adding a comment from armando on blab ID 54
2020-08-21 15:26:15,977 [8] INFO VeraDemoNet.Controllers.ResetController - Adding a comment from armando on blab ID 55
2020-08-21 15:26:15,986 [8] INFO VeraDemoNet.Controllers.ResetController - Adding a comment from kevin on blab ID 55
2020-08-21 15:26:15,989 [8] INFO VeraDemoNet.Controllers.ResetController - Adding a comment from john on blab ID 55
2020-08-21 15:26:15,992 [8] INFO VeraDemoNet.Controllers.ResetController - Adding a comment from armando on blab ID 56
2020-08-21 15:26:15,993 [8] INFO VeraDemoNet.Controllers.ResetController - Adding a comment from cody on blab ID 56
2020-08-21 15:26:16,000 [8] INFO VeraDemoNet.Controllers.ResetController - Adding a comment from clint on blab ID 56
2020-08-21 15:26:16,001 [8] INFO VeraDemoNet.Controllers.ResetController - Adding a comment from cody on blab ID 56
2020-08-21 15:26:16,002 [8] INFO VeraDemoNet.Controllers.ResetController - Adding a comment from gregory on blab ID 56
2020-08-21 15:26:16,004 [8] INFO VeraDemoNet.Controllers.ResetController - Adding a comment from ben on blab ID 57
2020-08-21 15:26:16,006 [8] INFO VeraDemoNet.Controllers.ResetController - Adding a comment from april on blab ID 59
2020-08-21 15:26:16,009 [8] INFO VeraDemoNet.Controllers.ResetController - Adding a comment from john on blab ID 60
2020-08-21 15:26:16,010 [8] INFO VeraDemoNet.Controllers.ResetController - Adding a comment from chrisc on blab ID 60
2020-08-21 15:26:16,012 [8] INFO VeraDemoNet.Controllers.ResetController - Adding a comment from johnny on blab ID 60
2020-08-21 15:26:16,014 [8] INFO VeraDemoNet.Controllers.ResetController - Adding a comment from grant on blab ID 60
2020-08-21 15:26:16,015 [8] INFO VeraDemoNet.Controllers.ResetController - Adding a comment from gregory on blab ID 60
2020-08-21 15:26:16,016 [8] INFO VeraDemoNet.Controllers.ResetController - Adding a comment from john on blab ID 61
2020-08-21 15:26:16,018 [8] INFO VeraDemoNet.Controllers.ResetController - Adding a comment from caitlin on blab ID 62
2020-08-21 15:26:16,020 [8] INFO VeraDemoNet.Controllers.ResetController - Adding a comment from derek on blab ID 62
2020-08-21 15:26:16,022 [8] INFO VeraDemoNet.Controllers.ResetController - Adding a comment from brian on blab ID 62
2020-08-21 15:26:16,024 [8] INFO VeraDemoNet.Controllers.ResetController - Adding a comment from derek on blab ID 62
2020-08-21 15:26:16,025 [8] INFO VeraDemoNet.Controllers.ResetController - Adding a comment from grant on blab ID 63
2020-08-21 15:26:16,026 [8] INFO VeraDemoNet.Controllers.ResetController - Adding a comment from andrzej on blab ID 63
2020-08-21 15:26:16,028 [8] INFO VeraDemoNet.Controllers.ResetController - Adding a comment from andrzej on blab ID 63
2020-08-21 15:26:16,030 [8] INFO VeraDemoNet.Controllers.ResetController - Adding a comment from nabil on blab ID 64
2020-08-21 15:26:16,031 [8] INFO VeraDemoNet.Controllers.ResetController - Adding a comment from cody on blab ID 64
2020-08-21 15:26:16,032 [8] INFO VeraDemoNet.Controllers.ResetController - Adding a comment from gregory on blab ID 64
2020-08-21 15:26:16,033 [8] INFO VeraDemoNet.Controllers.ResetController - Adding a comment from derek on blab ID 64
2020-08-21 15:26:16,035 [8] INFO VeraDemoNet.Controllers.ResetController - Adding a comment from brian on blab ID 67
2020-08-21 15:26:16,036 [8] INFO VeraDemoNet.Controllers.ResetController - Adding a comment from jeremy on blab ID 67
2020-08-21 15:26:16,037 [8] INFO VeraDemoNet.Controllers.ResetController - Adding a comment from grant on blab ID 67
2020-08-21 15:26:16,039 [8] INFO VeraDemoNet.Controllers.ResetController - Adding a comment from scottrum on blab ID 70
2020-08-21 15:26:16,041 [8] INFO VeraDemoNet.Controllers.ResetController - Adding a comment from jacob on blab ID 71
2020-08-21 15:26:16,043 [8] INFO VeraDemoNet.Controllers.ResetController - Adding a comment from armando on blab ID 71
2020-08-21 15:26:16,045 [8] INFO VeraDemoNet.Controllers.ResetController - Adding a comment from jacob on blab ID 71
2020-08-21 15:26:16,047 [8] INFO VeraDemoNet.Controllers.ResetController - Adding a comment from grant on blab ID 71
2020-08-21 15:26:39,583 [8] INFO VeraDemoNet.Controllers.AccountController - Login page visited: 
2020-08-21 15:26:39,583 [8] INFO VeraDemoNet.Controllers.AccountController - No user cookie
2020-11-11 15:53:56,345 [8] INFO VeraDemoNet.Controllers.AccountController - Login page visited: 
2020-11-11 15:53:56,355 [8] INFO VeraDemoNet.Controllers.AccountController - No user cookie
2020-11-16 13:54:16,080 [8] INFO VeraDemoNet.Controllers.AccountController - Login page visited: 
2020-11-16 13:54:16,089 [8] INFO VeraDemoNet.Controllers.AccountController - No user cookie
